<?xml version="1.0" encoding="UTF-8"?>
<!-- Generated by org.testng.reporters.JUnitReportReporter -->
<testsuite skipped="0" hostname="PG00ZKAV-BLR" name="com.selenium.webdriver.CloseAll" tests="2" failures="0" timestamp="23 Mar 2018 18:44:14 GMT" time="45.911" errors="0">
  <testcase name="test2" time="21.803" classname="com.selenium.webdriver.CloseAll"/>
  <testcase name="test1" time="24.108" classname="com.selenium.webdriver.CloseAll"/>
</testsuite> <!-- com.selenium.webdriver.CloseAll -->
